<?xml version="1.0" encoding="UTF-8"?>
<testng-results skipped="0" failed="0" ignored="0" total="1" passed="1">
  <reporter-output>
  </reporter-output>
  <suite name="Suite" duration-ms="42" started-at="2018-05-08T07:58:07Z" finished-at="2018-05-08T07:58:07Z">
    <groups>
    </groups>
    <test name="Test" duration-ms="42" started-at="2018-05-08T07:58:07Z" finished-at="2018-05-08T07:58:07Z">
      <class name="com.edureka.autoIt.LoggerDemo">
        <test-method status="PASS" signature="loggerDemo()[pri:0, instance:com.edureka.autoIt.LoggerDemo@5204062d]" name="loggerDemo" duration-ms="15" started-at="2018-05-08T07:58:07Z" finished-at="2018-05-08T07:58:07Z">
          <reporter-output>
          </reporter-output>
        </test-method> <!-- loggerDemo -->
      </class> <!-- com.edureka.autoIt.LoggerDemo -->
    </test> <!-- Test -->
  </suite> <!-- Suite -->
</testng-results>
